CRITICAL - 2023-05-06 00:36:29 --> Too few arguments to function App\Controllers\HasilBelajar::hasil(), 0 passed in C:\xampp\htdocs\sia-smarigo\vendor\codeigniter4\framework\system\CodeIgniter.php on line 934 and exactly 2 expected
in APPPATH\Controllers\HasilBelajar.php on line 128.
 1 SYSTEMPATH\CodeIgniter.php(934): App\Controllers\HasilBelajar->hasil()
 2 SYSTEMPATH\CodeIgniter.php(499): CodeIgniter\CodeIgniter->runController(Object(App\Controllers\HasilBelajar))
 3 SYSTEMPATH\CodeIgniter.php(368): CodeIgniter\CodeIgniter->handleRequest(null, Object(Config\Cache), false)
 4 FCPATH\index.php(67): CodeIgniter\CodeIgniter->run()
 5 SYSTEMPATH\Commands\Server\rewrite.php(47): require_once('FCPATH\\index.php')
CRITICAL - 2023-05-06 00:44:27 --> Too few arguments to function App\Controllers\HasilBelajar::hasil(), 0 passed in C:\xampp\htdocs\sia-smarigo\vendor\codeigniter4\framework\system\CodeIgniter.php on line 934 and exactly 2 expected
in APPPATH\Controllers\HasilBelajar.php on line 128.
 1 SYSTEMPATH\CodeIgniter.php(934): App\Controllers\HasilBelajar->hasil()
 2 SYSTEMPATH\CodeIgniter.php(499): CodeIgniter\CodeIgniter->runController(Object(App\Controllers\HasilBelajar))
 3 SYSTEMPATH\CodeIgniter.php(368): CodeIgniter\CodeIgniter->handleRequest(null, Object(Config\Cache), false)
 4 FCPATH\index.php(67): CodeIgniter\CodeIgniter->run()
 5 SYSTEMPATH\Commands\Server\rewrite.php(47): require_once('FCPATH\\index.php')
INFO - 2023-05-06 05:43:26 --> Session: Class initialized using 'CodeIgniter\Session\Handlers\FileHandler' driver.
INFO - 2023-05-06 12:43:26 --> Session: Class initialized using 'CodeIgniter\Session\Handlers\FileHandler' driver.
INFO - 2023-05-06 15:18:19 --> Session: Class initialized using 'CodeIgniter\Session\Handlers\FileHandler' driver.
INFO - 2023-05-06 08:18:19 --> Session: Class initialized using 'CodeIgniter\Session\Handlers\FileHandler' driver.
INFO - 2023-05-06 08:18:24 --> Session: Class initialized using 'CodeIgniter\Session\Handlers\FileHandler' driver.
INFO - 2023-05-06 08:18:29 --> Session: Class initialized using 'CodeIgniter\Session\Handlers\FileHandler' driver.
INFO - 2023-05-06 08:18:36 --> Session: Class initialized using 'CodeIgniter\Session\Handlers\FileHandler' driver.
INFO - 2023-05-06 08:18:39 --> Session: Class initialized using 'CodeIgniter\Session\Handlers\FileHandler' driver.
CRITICAL - 2023-05-06 15:18:39 --> Too few arguments to function App\Controllers\HasilBelajar::hasil(), 0 passed in C:\xampp\htdocs\sia-smarigo\vendor\codeigniter4\framework\system\CodeIgniter.php on line 934 and exactly 2 expected
in APPPATH\Controllers\HasilBelajar.php on line 131.
 1 SYSTEMPATH\CodeIgniter.php(934): App\Controllers\HasilBelajar->hasil()
 2 SYSTEMPATH\CodeIgniter.php(499): CodeIgniter\CodeIgniter->runController(Object(App\Controllers\HasilBelajar))
 3 SYSTEMPATH\CodeIgniter.php(368): CodeIgniter\CodeIgniter->handleRequest(null, Object(Config\Cache), false)
 4 FCPATH\index.php(67): CodeIgniter\CodeIgniter->run()
 5 SYSTEMPATH\Commands\Server\rewrite.php(47): require_once('FCPATH\\index.php')
INFO - 2023-05-06 08:21:06 --> Session: Class initialized using 'CodeIgniter\Session\Handlers\FileHandler' driver.
INFO - 2023-05-06 08:21:06 --> Session: Class initialized using 'CodeIgniter\Session\Handlers\FileHandler' driver.
INFO - 2023-05-06 08:21:14 --> Session: Class initialized using 'CodeIgniter\Session\Handlers\FileHandler' driver.
CRITICAL - 2023-05-06 15:21:14 --> Undefined array key "id"
in APPPATH\Views\guru\hasilbelajar\pilih_mapel.php on line 16.
 1 APPPATH\Views\guru\hasilbelajar\pilih_mapel.php(16): CodeIgniter\Debug\Exceptions->errorHandler(2, 'Undefined array key "id"', 'APPPATH\\Views\\guru\\hasilbelajar\\pilih_mapel.php', 16)
 2 SYSTEMPATH\View\View.php(213): include('APPPATH\\Views\\guru\\hasilbelajar\\pilih_mapel.php')
 3 SYSTEMPATH\View\View.php(216): CodeIgniter\View\View->CodeIgniter\View\{closure}()
 4 SYSTEMPATH\Common.php(1184): CodeIgniter\View\View->render('guru/hasilbelajar/pilih_mapel', [], true)
 5 APPPATH\Controllers\HasilBelajar.php(128): view('guru/hasilbelajar/pilih_mapel', [...])
 6 SYSTEMPATH\CodeIgniter.php(934): App\Controllers\HasilBelajar->mapel('8')
 7 SYSTEMPATH\CodeIgniter.php(499): CodeIgniter\CodeIgniter->runController(Object(App\Controllers\HasilBelajar))
 8 SYSTEMPATH\CodeIgniter.php(368): CodeIgniter\CodeIgniter->handleRequest(null, Object(Config\Cache), false)
 9 FCPATH\index.php(67): CodeIgniter\CodeIgniter->run()
10 SYSTEMPATH\Commands\Server\rewrite.php(47): require_once('FCPATH\\index.php')
INFO - 2023-05-06 08:21:37 --> Session: Class initialized using 'CodeIgniter\Session\Handlers\FileHandler' driver.
INFO - 2023-05-06 08:22:08 --> Session: Class initialized using 'CodeIgniter\Session\Handlers\FileHandler' driver.
CRITICAL - 2023-05-06 15:22:08 --> Undefined array key "mapel_id"
in APPPATH\Views\guru\hasilbelajar\pilih_mapel.php on line 16.
 1 APPPATH\Views\guru\hasilbelajar\pilih_mapel.php(16): CodeIgniter\Debug\Exceptions->errorHandler(2, 'Undefined array key "mapel_id"', 'APPPATH\\Views\\guru\\hasilbelajar\\pilih_mapel.php', 16)
 2 SYSTEMPATH\View\View.php(213): include('APPPATH\\Views\\guru\\hasilbelajar\\pilih_mapel.php')
 3 SYSTEMPATH\View\View.php(216): CodeIgniter\View\View->CodeIgniter\View\{closure}()
 4 SYSTEMPATH\Common.php(1184): CodeIgniter\View\View->render('guru/hasilbelajar/pilih_mapel', [], true)
 5 APPPATH\Controllers\HasilBelajar.php(128): view('guru/hasilbelajar/pilih_mapel', [...])
 6 SYSTEMPATH\CodeIgniter.php(934): App\Controllers\HasilBelajar->mapel('8')
 7 SYSTEMPATH\CodeIgniter.php(499): CodeIgniter\CodeIgniter->runController(Object(App\Controllers\HasilBelajar))
 8 SYSTEMPATH\CodeIgniter.php(368): CodeIgniter\CodeIgniter->handleRequest(null, Object(Config\Cache), false)
 9 FCPATH\index.php(67): CodeIgniter\CodeIgniter->run()
10 SYSTEMPATH\Commands\Server\rewrite.php(47): require_once('FCPATH\\index.php')
INFO - 2023-05-06 08:22:35 --> Session: Class initialized using 'CodeIgniter\Session\Handlers\FileHandler' driver.
INFO - 2023-05-06 08:23:15 --> Session: Class initialized using 'CodeIgniter\Session\Handlers\FileHandler' driver.
INFO - 2023-05-06 08:23:23 --> Session: Class initialized using 'CodeIgniter\Session\Handlers\FileHandler' driver.
INFO - 2023-05-06 08:23:52 --> Session: Class initialized using 'CodeIgniter\Session\Handlers\FileHandler' driver.
INFO - 2023-05-06 08:23:56 --> Session: Class initialized using 'CodeIgniter\Session\Handlers\FileHandler' driver.
INFO - 2023-05-06 09:42:49 --> Session: Class initialized using 'CodeIgniter\Session\Handlers\FileHandler' driver.
INFO - 2023-05-06 09:51:56 --> Session: Class initialized using 'CodeIgniter\Session\Handlers\FileHandler' driver.
INFO - 2023-05-06 09:55:04 --> Session: Class initialized using 'CodeIgniter\Session\Handlers\FileHandler' driver.
INFO - 2023-05-06 09:55:33 --> Session: Class initialized using 'CodeIgniter\Session\Handlers\FileHandler' driver.
INFO - 2023-05-06 09:56:02 --> Session: Class initialized using 'CodeIgniter\Session\Handlers\FileHandler' driver.
INFO - 2023-05-06 09:56:28 --> Session: Class initialized using 'CodeIgniter\Session\Handlers\FileHandler' driver.
INFO - 2023-05-06 09:57:11 --> Session: Class initialized using 'CodeIgniter\Session\Handlers\FileHandler' driver.
INFO - 2023-05-06 09:57:24 --> Session: Class initialized using 'CodeIgniter\Session\Handlers\FileHandler' driver.
INFO - 2023-05-06 09:57:46 --> Session: Class initialized using 'CodeIgniter\Session\Handlers\FileHandler' driver.
INFO - 2023-05-06 09:59:55 --> Session: Class initialized using 'CodeIgniter\Session\Handlers\FileHandler' driver.
INFO - 2023-05-06 10:00:05 --> Session: Class initialized using 'CodeIgniter\Session\Handlers\FileHandler' driver.
INFO - 2023-05-06 10:00:27 --> Session: Class initialized using 'CodeIgniter\Session\Handlers\FileHandler' driver.
INFO - 2023-05-06 10:08:27 --> Session: Class initialized using 'CodeIgniter\Session\Handlers\FileHandler' driver.
INFO - 2023-05-06 10:09:02 --> Session: Class initialized using 'CodeIgniter\Session\Handlers\FileHandler' driver.
INFO - 2023-05-06 10:10:16 --> Session: Class initialized using 'CodeIgniter\Session\Handlers\FileHandler' driver.
INFO - 2023-05-06 10:10:58 --> Session: Class initialized using 'CodeIgniter\Session\Handlers\FileHandler' driver.
INFO - 2023-05-06 10:17:57 --> Session: Class initialized using 'CodeIgniter\Session\Handlers\FileHandler' driver.
INFO - 2023-05-06 10:18:33 --> Session: Class initialized using 'CodeIgniter\Session\Handlers\FileHandler' driver.
CRITICAL - 2023-05-06 17:18:33 --> Undefined array key "id"
in APPPATH\Controllers\HasilBelajar.php on line 166.
 1 APPPATH\Controllers\HasilBelajar.php(166): CodeIgniter\Debug\Exceptions->errorHandler(2, 'Undefined array key "id"', 'APPPATH\\Controllers\\HasilBelajar.php', 166)
 2 SYSTEMPATH\CodeIgniter.php(934): App\Controllers\HasilBelajar->hasil('8', '9')
 3 SYSTEMPATH\CodeIgniter.php(499): CodeIgniter\CodeIgniter->runController(Object(App\Controllers\HasilBelajar))
 4 SYSTEMPATH\CodeIgniter.php(368): CodeIgniter\CodeIgniter->handleRequest(null, Object(Config\Cache), false)
 5 FCPATH\index.php(67): CodeIgniter\CodeIgniter->run()
 6 SYSTEMPATH\Commands\Server\rewrite.php(47): require_once('FCPATH\\index.php')
INFO - 2023-05-06 10:18:45 --> Session: Class initialized using 'CodeIgniter\Session\Handlers\FileHandler' driver.
INFO - 2023-05-06 10:21:54 --> Session: Class initialized using 'CodeIgniter\Session\Handlers\FileHandler' driver.
INFO - 2023-05-06 10:34:22 --> Session: Class initialized using 'CodeIgniter\Session\Handlers\FileHandler' driver.
INFO - 2023-05-06 10:34:36 --> Session: Class initialized using 'CodeIgniter\Session\Handlers\FileHandler' driver.
INFO - 2023-05-06 10:36:20 --> Session: Class initialized using 'CodeIgniter\Session\Handlers\FileHandler' driver.
CRITICAL - 2023-05-06 17:36:20 --> Trying to access array offset on value of type int
in APPPATH\Views\guru\hasilbelajar\hasil_for_guru.php on line 22.
 1 APPPATH\Views\guru\hasilbelajar\hasil_for_guru.php(22): CodeIgniter\Debug\Exceptions->errorHandler(2, 'Trying to access array offset on value of type int', 'APPPATH\\Views\\guru\\hasilbelajar\\hasil_for_guru.php', 22)
 2 SYSTEMPATH\View\View.php(213): include('APPPATH\\Views\\guru\\hasilbelajar\\hasil_for_guru.php')
 3 SYSTEMPATH\View\View.php(216): CodeIgniter\View\View->CodeIgniter\View\{closure}()
 4 SYSTEMPATH\View\View.php(431): CodeIgniter\View\View->render('guru/hasilbelajar/hasil_for_guru', null, true)
 5 APPPATH\Views\guru\hasilbelajar\hasil.php(18): CodeIgniter\View\View->include('guru/hasilbelajar/hasil_for_guru')
 6 SYSTEMPATH\View\View.php(213): include('APPPATH\\Views\\guru\\hasilbelajar\\hasil.php')
 7 SYSTEMPATH\View\View.php(216): CodeIgniter\View\View->CodeIgniter\View\{closure}()
 8 SYSTEMPATH\Common.php(1184): CodeIgniter\View\View->render('guru/hasilbelajar/hasil', [], true)
 9 APPPATH\Controllers\HasilBelajar.php(209): view('guru/hasilbelajar/hasil', [...])
10 SYSTEMPATH\CodeIgniter.php(934): App\Controllers\HasilBelajar->hasil('8', '9')
11 SYSTEMPATH\CodeIgniter.php(499): CodeIgniter\CodeIgniter->runController(Object(App\Controllers\HasilBelajar))
12 SYSTEMPATH\CodeIgniter.php(368): CodeIgniter\CodeIgniter->handleRequest(null, Object(Config\Cache), false)
13 FCPATH\index.php(67): CodeIgniter\CodeIgniter->run()
14 SYSTEMPATH\Commands\Server\rewrite.php(47): require_once('FCPATH\\index.php')
INFO - 2023-05-06 10:36:52 --> Session: Class initialized using 'CodeIgniter\Session\Handlers\FileHandler' driver.
CRITICAL - 2023-05-06 17:36:53 --> Trying to access array offset on value of type int
in APPPATH\Views\guru\hasilbelajar\hasil_for_guru.php on line 23.
 1 APPPATH\Views\guru\hasilbelajar\hasil_for_guru.php(23): CodeIgniter\Debug\Exceptions->errorHandler(2, 'Trying to access array offset on value of type int', 'APPPATH\\Views\\guru\\hasilbelajar\\hasil_for_guru.php', 23)
 2 SYSTEMPATH\View\View.php(213): include('APPPATH\\Views\\guru\\hasilbelajar\\hasil_for_guru.php')
 3 SYSTEMPATH\View\View.php(216): CodeIgniter\View\View->CodeIgniter\View\{closure}()
 4 SYSTEMPATH\View\View.php(431): CodeIgniter\View\View->render('guru/hasilbelajar/hasil_for_guru', null, true)
 5 APPPATH\Views\guru\hasilbelajar\hasil.php(18): CodeIgniter\View\View->include('guru/hasilbelajar/hasil_for_guru')
 6 SYSTEMPATH\View\View.php(213): include('APPPATH\\Views\\guru\\hasilbelajar\\hasil.php')
 7 SYSTEMPATH\View\View.php(216): CodeIgniter\View\View->CodeIgniter\View\{closure}()
 8 SYSTEMPATH\Common.php(1184): CodeIgniter\View\View->render('guru/hasilbelajar/hasil', [], true)
 9 APPPATH\Controllers\HasilBelajar.php(209): view('guru/hasilbelajar/hasil', [...])
10 SYSTEMPATH\CodeIgniter.php(934): App\Controllers\HasilBelajar->hasil('8', '9')
11 SYSTEMPATH\CodeIgniter.php(499): CodeIgniter\CodeIgniter->runController(Object(App\Controllers\HasilBelajar))
12 SYSTEMPATH\CodeIgniter.php(368): CodeIgniter\CodeIgniter->handleRequest(null, Object(Config\Cache), false)
13 FCPATH\index.php(67): CodeIgniter\CodeIgniter->run()
14 SYSTEMPATH\Commands\Server\rewrite.php(47): require_once('FCPATH\\index.php')
INFO - 2023-05-06 10:37:13 --> Session: Class initialized using 'CodeIgniter\Session\Handlers\FileHandler' driver.
CRITICAL - 2023-05-06 17:37:13 --> Trying to access array offset on value of type int
in APPPATH\Views\guru\hasilbelajar\hasil_for_guru.php on line 23.
 1 APPPATH\Views\guru\hasilbelajar\hasil_for_guru.php(23): CodeIgniter\Debug\Exceptions->errorHandler(2, 'Trying to access array offset on value of type int', 'APPPATH\\Views\\guru\\hasilbelajar\\hasil_for_guru.php', 23)
 2 SYSTEMPATH\View\View.php(213): include('APPPATH\\Views\\guru\\hasilbelajar\\hasil_for_guru.php')
 3 SYSTEMPATH\View\View.php(216): CodeIgniter\View\View->CodeIgniter\View\{closure}()
 4 SYSTEMPATH\View\View.php(431): CodeIgniter\View\View->render('guru/hasilbelajar/hasil_for_guru', null, true)
 5 APPPATH\Views\guru\hasilbelajar\hasil.php(18): CodeIgniter\View\View->include('guru/hasilbelajar/hasil_for_guru')
 6 SYSTEMPATH\View\View.php(213): include('APPPATH\\Views\\guru\\hasilbelajar\\hasil.php')
 7 SYSTEMPATH\View\View.php(216): CodeIgniter\View\View->CodeIgniter\View\{closure}()
 8 SYSTEMPATH\Common.php(1184): CodeIgniter\View\View->render('guru/hasilbelajar/hasil', [], true)
 9 APPPATH\Controllers\HasilBelajar.php(209): view('guru/hasilbelajar/hasil', [...])
10 SYSTEMPATH\CodeIgniter.php(934): App\Controllers\HasilBelajar->hasil('8', '9')
11 SYSTEMPATH\CodeIgniter.php(499): CodeIgniter\CodeIgniter->runController(Object(App\Controllers\HasilBelajar))
12 SYSTEMPATH\CodeIgniter.php(368): CodeIgniter\CodeIgniter->handleRequest(null, Object(Config\Cache), false)
13 FCPATH\index.php(67): CodeIgniter\CodeIgniter->run()
14 SYSTEMPATH\Commands\Server\rewrite.php(47): require_once('FCPATH\\index.php')
INFO - 2023-05-06 10:37:54 --> Session: Class initialized using 'CodeIgniter\Session\Handlers\FileHandler' driver.
INFO - 2023-05-06 10:40:26 --> Session: Class initialized using 'CodeIgniter\Session\Handlers\FileHandler' driver.
INFO - 2023-05-06 10:40:28 --> Session: Class initialized using 'CodeIgniter\Session\Handlers\FileHandler' driver.
INFO - 2023-05-06 10:40:54 --> Session: Class initialized using 'CodeIgniter\Session\Handlers\FileHandler' driver.
INFO - 2023-05-06 10:40:58 --> Session: Class initialized using 'CodeIgniter\Session\Handlers\FileHandler' driver.
INFO - 2023-05-06 10:41:07 --> Session: Class initialized using 'CodeIgniter\Session\Handlers\FileHandler' driver.
INFO - 2023-05-06 10:41:09 --> Session: Class initialized using 'CodeIgniter\Session\Handlers\FileHandler' driver.
INFO - 2023-05-06 10:41:56 --> Session: Class initialized using 'CodeIgniter\Session\Handlers\FileHandler' driver.
INFO - 2023-05-06 10:41:59 --> Session: Class initialized using 'CodeIgniter\Session\Handlers\FileHandler' driver.
INFO - 2023-05-06 10:42:01 --> Session: Class initialized using 'CodeIgniter\Session\Handlers\FileHandler' driver.
INFO - 2023-05-06 10:42:43 --> Session: Class initialized using 'CodeIgniter\Session\Handlers\FileHandler' driver.
INFO - 2023-05-06 10:42:44 --> Session: Class initialized using 'CodeIgniter\Session\Handlers\FileHandler' driver.
INFO - 2023-05-06 10:43:08 --> Session: Class initialized using 'CodeIgniter\Session\Handlers\FileHandler' driver.
INFO - 2023-05-06 10:43:46 --> Session: Class initialized using 'CodeIgniter\Session\Handlers\FileHandler' driver.
INFO - 2023-05-06 10:43:50 --> Session: Class initialized using 'CodeIgniter\Session\Handlers\FileHandler' driver.
CRITICAL - 2023-05-06 17:43:50 --> Trying to access array offset on value of type null
in APPPATH\Views\guru\hasilbelajar\hasil_for_guru.php on line 22.
 1 APPPATH\Views\guru\hasilbelajar\hasil_for_guru.php(22): CodeIgniter\Debug\Exceptions->errorHandler(2, 'Trying to access array offset on value of type null', 'APPPATH\\Views\\guru\\hasilbelajar\\hasil_for_guru.php', 22)
 2 SYSTEMPATH\View\View.php(213): include('APPPATH\\Views\\guru\\hasilbelajar\\hasil_for_guru.php')
 3 SYSTEMPATH\View\View.php(216): CodeIgniter\View\View->CodeIgniter\View\{closure}()
 4 SYSTEMPATH\View\View.php(431): CodeIgniter\View\View->render('guru/hasilbelajar/hasil_for_guru', null, true)
 5 APPPATH\Views\guru\hasilbelajar\hasil.php(18): CodeIgniter\View\View->include('guru/hasilbelajar/hasil_for_guru')
 6 SYSTEMPATH\View\View.php(213): include('APPPATH\\Views\\guru\\hasilbelajar\\hasil.php')
 7 SYSTEMPATH\View\View.php(216): CodeIgniter\View\View->CodeIgniter\View\{closure}()
 8 SYSTEMPATH\Common.php(1184): CodeIgniter\View\View->render('guru/hasilbelajar/hasil', [], true)
 9 APPPATH\Controllers\HasilBelajar.php(209): view('guru/hasilbelajar/hasil', [...])
10 SYSTEMPATH\CodeIgniter.php(934): App\Controllers\HasilBelajar->hasil('8', '9')
11 SYSTEMPATH\CodeIgniter.php(499): CodeIgniter\CodeIgniter->runController(Object(App\Controllers\HasilBelajar))
12 SYSTEMPATH\CodeIgniter.php(368): CodeIgniter\CodeIgniter->handleRequest(null, Object(Config\Cache), false)
13 FCPATH\index.php(67): CodeIgniter\CodeIgniter->run()
14 SYSTEMPATH\Commands\Server\rewrite.php(47): require_once('FCPATH\\index.php')
INFO - 2023-05-06 10:44:13 --> Session: Class initialized using 'CodeIgniter\Session\Handlers\FileHandler' driver.
CRITICAL - 2023-05-06 17:44:13 --> Trying to access array offset on value of type null
in APPPATH\Views\guru\hasilbelajar\hasil_for_guru.php on line 22.
 1 APPPATH\Views\guru\hasilbelajar\hasil_for_guru.php(22): CodeIgniter\Debug\Exceptions->errorHandler(2, 'Trying to access array offset on value of type null', 'APPPATH\\Views\\guru\\hasilbelajar\\hasil_for_guru.php', 22)
 2 SYSTEMPATH\View\View.php(213): include('APPPATH\\Views\\guru\\hasilbelajar\\hasil_for_guru.php')
 3 SYSTEMPATH\View\View.php(216): CodeIgniter\View\View->CodeIgniter\View\{closure}()
 4 SYSTEMPATH\View\View.php(431): CodeIgniter\View\View->render('guru/hasilbelajar/hasil_for_guru', null, true)
 5 APPPATH\Views\guru\hasilbelajar\hasil.php(18): CodeIgniter\View\View->include('guru/hasilbelajar/hasil_for_guru')
 6 SYSTEMPATH\View\View.php(213): include('APPPATH\\Views\\guru\\hasilbelajar\\hasil.php')
 7 SYSTEMPATH\View\View.php(216): CodeIgniter\View\View->CodeIgniter\View\{closure}()
 8 SYSTEMPATH\Common.php(1184): CodeIgniter\View\View->render('guru/hasilbelajar/hasil', [], true)
 9 APPPATH\Controllers\HasilBelajar.php(209): view('guru/hasilbelajar/hasil', [...])
10 SYSTEMPATH\CodeIgniter.php(934): App\Controllers\HasilBelajar->hasil('8', '9')
11 SYSTEMPATH\CodeIgniter.php(499): CodeIgniter\CodeIgniter->runController(Object(App\Controllers\HasilBelajar))
12 SYSTEMPATH\CodeIgniter.php(368): CodeIgniter\CodeIgniter->handleRequest(null, Object(Config\Cache), false)
13 FCPATH\index.php(67): CodeIgniter\CodeIgniter->run()
14 SYSTEMPATH\Commands\Server\rewrite.php(47): require_once('FCPATH\\index.php')
INFO - 2023-05-06 10:44:59 --> Session: Class initialized using 'CodeIgniter\Session\Handlers\FileHandler' driver.
CRITICAL - 2023-05-06 17:44:59 --> Trying to access array offset on value of type null
in APPPATH\Views\guru\hasilbelajar\hasil_for_guru.php on line 22.
 1 APPPATH\Views\guru\hasilbelajar\hasil_for_guru.php(22): CodeIgniter\Debug\Exceptions->errorHandler(2, 'Trying to access array offset on value of type null', 'APPPATH\\Views\\guru\\hasilbelajar\\hasil_for_guru.php', 22)
 2 SYSTEMPATH\View\View.php(213): include('APPPATH\\Views\\guru\\hasilbelajar\\hasil_for_guru.php')
 3 SYSTEMPATH\View\View.php(216): CodeIgniter\View\View->CodeIgniter\View\{closure}()
 4 SYSTEMPATH\View\View.php(431): CodeIgniter\View\View->render('guru/hasilbelajar/hasil_for_guru', null, true)
 5 APPPATH\Views\guru\hasilbelajar\hasil.php(18): CodeIgniter\View\View->include('guru/hasilbelajar/hasil_for_guru')
 6 SYSTEMPATH\View\View.php(213): include('APPPATH\\Views\\guru\\hasilbelajar\\hasil.php')
 7 SYSTEMPATH\View\View.php(216): CodeIgniter\View\View->CodeIgniter\View\{closure}()
 8 SYSTEMPATH\Common.php(1184): CodeIgniter\View\View->render('guru/hasilbelajar/hasil', [], true)
 9 APPPATH\Controllers\HasilBelajar.php(209): view('guru/hasilbelajar/hasil', [...])
10 SYSTEMPATH\CodeIgniter.php(934): App\Controllers\HasilBelajar->hasil('8', '9')
11 SYSTEMPATH\CodeIgniter.php(499): CodeIgniter\CodeIgniter->runController(Object(App\Controllers\HasilBelajar))
12 SYSTEMPATH\CodeIgniter.php(368): CodeIgniter\CodeIgniter->handleRequest(null, Object(Config\Cache), false)
13 FCPATH\index.php(67): CodeIgniter\CodeIgniter->run()
14 SYSTEMPATH\Commands\Server\rewrite.php(47): require_once('FCPATH\\index.php')
INFO - 2023-05-06 10:45:56 --> Session: Class initialized using 'CodeIgniter\Session\Handlers\FileHandler' driver.
CRITICAL - 2023-05-06 17:45:56 --> Trying to access array offset on value of type null
in APPPATH\Views\guru\hasilbelajar\hasil_for_guru.php on line 22.
 1 APPPATH\Views\guru\hasilbelajar\hasil_for_guru.php(22): CodeIgniter\Debug\Exceptions->errorHandler(2, 'Trying to access array offset on value of type null', 'APPPATH\\Views\\guru\\hasilbelajar\\hasil_for_guru.php', 22)
 2 SYSTEMPATH\View\View.php(213): include('APPPATH\\Views\\guru\\hasilbelajar\\hasil_for_guru.php')
 3 SYSTEMPATH\View\View.php(216): CodeIgniter\View\View->CodeIgniter\View\{closure}()
 4 SYSTEMPATH\View\View.php(431): CodeIgniter\View\View->render('guru/hasilbelajar/hasil_for_guru', null, true)
 5 APPPATH\Views\guru\hasilbelajar\hasil.php(18): CodeIgniter\View\View->include('guru/hasilbelajar/hasil_for_guru')
 6 SYSTEMPATH\View\View.php(213): include('APPPATH\\Views\\guru\\hasilbelajar\\hasil.php')
 7 SYSTEMPATH\View\View.php(216): CodeIgniter\View\View->CodeIgniter\View\{closure}()
 8 SYSTEMPATH\Common.php(1184): CodeIgniter\View\View->render('guru/hasilbelajar/hasil', [], true)
 9 APPPATH\Controllers\HasilBelajar.php(209): view('guru/hasilbelajar/hasil', [...])
10 SYSTEMPATH\CodeIgniter.php(934): App\Controllers\HasilBelajar->hasil('8', '9')
11 SYSTEMPATH\CodeIgniter.php(499): CodeIgniter\CodeIgniter->runController(Object(App\Controllers\HasilBelajar))
12 SYSTEMPATH\CodeIgniter.php(368): CodeIgniter\CodeIgniter->handleRequest(null, Object(Config\Cache), false)
13 FCPATH\index.php(67): CodeIgniter\CodeIgniter->run()
14 SYSTEMPATH\Commands\Server\rewrite.php(47): require_once('FCPATH\\index.php')
INFO - 2023-05-06 10:46:23 --> Session: Class initialized using 'CodeIgniter\Session\Handlers\FileHandler' driver.
CRITICAL - 2023-05-06 17:46:23 --> Trying to access array offset on value of type null
in APPPATH\Views\guru\hasilbelajar\hasil_for_guru.php on line 54.
 1 APPPATH\Views\guru\hasilbelajar\hasil_for_guru.php(54): CodeIgniter\Debug\Exceptions->errorHandler(2, 'Trying to access array offset on value of type null', 'APPPATH\\Views\\guru\\hasilbelajar\\hasil_for_guru.php', 54)
 2 SYSTEMPATH\View\View.php(213): include('APPPATH\\Views\\guru\\hasilbelajar\\hasil_for_guru.php')
 3 SYSTEMPATH\View\View.php(216): CodeIgniter\View\View->CodeIgniter\View\{closure}()
 4 SYSTEMPATH\View\View.php(431): CodeIgniter\View\View->render('guru/hasilbelajar/hasil_for_guru', null, true)
 5 APPPATH\Views\guru\hasilbelajar\hasil.php(18): CodeIgniter\View\View->include('guru/hasilbelajar/hasil_for_guru')
 6 SYSTEMPATH\View\View.php(213): include('APPPATH\\Views\\guru\\hasilbelajar\\hasil.php')
 7 SYSTEMPATH\View\View.php(216): CodeIgniter\View\View->CodeIgniter\View\{closure}()
 8 SYSTEMPATH\Common.php(1184): CodeIgniter\View\View->render('guru/hasilbelajar/hasil', [], true)
 9 APPPATH\Controllers\HasilBelajar.php(209): view('guru/hasilbelajar/hasil', [...])
10 SYSTEMPATH\CodeIgniter.php(934): App\Controllers\HasilBelajar->hasil('8', '9')
11 SYSTEMPATH\CodeIgniter.php(499): CodeIgniter\CodeIgniter->runController(Object(App\Controllers\HasilBelajar))
12 SYSTEMPATH\CodeIgniter.php(368): CodeIgniter\CodeIgniter->handleRequest(null, Object(Config\Cache), false)
13 FCPATH\index.php(67): CodeIgniter\CodeIgniter->run()
14 SYSTEMPATH\Commands\Server\rewrite.php(47): require_once('FCPATH\\index.php')
INFO - 2023-05-06 10:47:57 --> Session: Class initialized using 'CodeIgniter\Session\Handlers\FileHandler' driver.
INFO - 2023-05-06 18:22:00 --> Session: Class initialized using 'CodeIgniter\Session\Handlers\FileHandler' driver.
INFO - 2023-05-06 18:22:00 --> Session: Class initialized using 'CodeIgniter\Session\Handlers\FileHandler' driver.
INFO - 2023-05-06 18:22:16 --> Session: Class initialized using 'CodeIgniter\Session\Handlers\FileHandler' driver.
INFO - 2023-05-06 11:22:16 --> Session: Class initialized using 'CodeIgniter\Session\Handlers\FileHandler' driver.
INFO - 2023-05-06 11:22:55 --> Session: Class initialized using 'CodeIgniter\Session\Handlers\FileHandler' driver.
INFO - 2023-05-06 11:23:00 --> Session: Class initialized using 'CodeIgniter\Session\Handlers\FileHandler' driver.
INFO - 2023-05-06 11:23:02 --> Session: Class initialized using 'CodeIgniter\Session\Handlers\FileHandler' driver.
INFO - 2023-05-06 11:23:04 --> Session: Class initialized using 'CodeIgniter\Session\Handlers\FileHandler' driver.
INFO - 2023-05-06 11:23:25 --> Session: Class initialized using 'CodeIgniter\Session\Handlers\FileHandler' driver.
INFO - 2023-05-06 11:24:31 --> Session: Class initialized using 'CodeIgniter\Session\Handlers\FileHandler' driver.
INFO - 2023-05-06 11:29:40 --> Session: Class initialized using 'CodeIgniter\Session\Handlers\FileHandler' driver.
INFO - 2023-05-06 11:29:54 --> Session: Class initialized using 'CodeIgniter\Session\Handlers\FileHandler' driver.
CRITICAL - 2023-05-06 18:29:54 --> Trying to access array offset on value of type null
in APPPATH\Views\guru\hasilbelajar\hasil_for_siswa.php on line 21.
 1 APPPATH\Views\guru\hasilbelajar\hasil_for_siswa.php(21): CodeIgniter\Debug\Exceptions->errorHandler(2, 'Trying to access array offset on value of type null', 'APPPATH\\Views\\guru\\hasilbelajar\\hasil_for_siswa.php', 21)
 2 SYSTEMPATH\View\View.php(213): include('APPPATH\\Views\\guru\\hasilbelajar\\hasil_for_siswa.php')
 3 SYSTEMPATH\View\View.php(216): CodeIgniter\View\View->CodeIgniter\View\{closure}()
 4 SYSTEMPATH\View\View.php(431): CodeIgniter\View\View->render('guru/hasilbelajar/hasil_for_siswa', null, true)
 5 APPPATH\Views\guru\hasilbelajar\hasil.php(16): CodeIgniter\View\View->include('guru/hasilbelajar/hasil_for_siswa')
 6 SYSTEMPATH\View\View.php(213): include('APPPATH\\Views\\guru\\hasilbelajar\\hasil.php')
 7 SYSTEMPATH\View\View.php(216): CodeIgniter\View\View->CodeIgniter\View\{closure}()
 8 SYSTEMPATH\Common.php(1184): CodeIgniter\View\View->render('guru/hasilbelajar/hasil', [], true)
 9 APPPATH\Controllers\HasilBelajar.php(209): view('guru/hasilbelajar/hasil', [...])
10 SYSTEMPATH\CodeIgniter.php(934): App\Controllers\HasilBelajar->hasil('8', '9')
11 SYSTEMPATH\CodeIgniter.php(499): CodeIgniter\CodeIgniter->runController(Object(App\Controllers\HasilBelajar))
12 SYSTEMPATH\CodeIgniter.php(368): CodeIgniter\CodeIgniter->handleRequest(null, Object(Config\Cache), false)
13 FCPATH\index.php(67): CodeIgniter\CodeIgniter->run()
14 SYSTEMPATH\Commands\Server\rewrite.php(47): require_once('FCPATH\\index.php')
INFO - 2023-05-06 11:30:28 --> Session: Class initialized using 'CodeIgniter\Session\Handlers\FileHandler' driver.
INFO - 2023-05-06 11:30:56 --> Session: Class initialized using 'CodeIgniter\Session\Handlers\FileHandler' driver.
INFO - 2023-05-06 11:45:36 --> Session: Class initialized using 'CodeIgniter\Session\Handlers\FileHandler' driver.
INFO - 2023-05-06 11:45:53 --> Session: Class initialized using 'CodeIgniter\Session\Handlers\FileHandler' driver.
INFO - 2023-05-06 11:46:21 --> Session: Class initialized using 'CodeIgniter\Session\Handlers\FileHandler' driver.
